# JRE version: OpenJDK Runtime Environment (8.0_152-b01) (build 1.8.0_152-release-1248-b01)
# Java VM: OpenJDK 64-Bit Server VM (25.152-b01 mixed mode windows-amd64 compressed oops)
Heap:
 PSYoungGen      total 72192K, used 43736K [0x00000000e0000000, 0x00000000e5000000, 0x0000000100000000)
  eden space 62464K, 58% used [0x00000000e0000000,0x00000000e23f7588,0x00000000e3d00000)
  from space 9728K, 70% used [0x00000000e3d00000,0x00000000e43beaf0,0x00000000e4680000)
  to   space 8704K, 0% used [0x00000000e4780000,0x00000000e4780000,0x00000000e5000000)
 ParOldGen       total 55296K, used 8068K [0x00000000a0000000, 0x00000000a3600000, 0x00000000e0000000)
  object space 55296K, 14% used [0x00000000a0000000,0x00000000a07e13d0,0x00000000a3600000)
 Metaspace       used 29119K, capacity 29692K, committed 29952K, reserved 1075200K
  class space    used 4044K, capacity 4231K, committed 4352K, reserved 1048576K
GC Heap History (10 events):
Event: 3.190 GC heap before
{Heap before GC invocations=4 (full 0):
 PSYoungGen      total 36352K, used 36344K [0x00000000e0000000, 0x00000000e2880000, 0x0000000100000000)
  eden space 31232K, 100% used [0x00000000e0000000,0x00000000e1e80000,0x00000000e1e80000)
  from space 5120K, 99% used [0x00000000e1e80000,0x00000000e237e010,0x00000000e2380000)
  to   space 5120K, 0% used [0x00000000e2380000,0x00000000e2380000,0x00000000e2880000)
 ParOldGen       total 83456K, used 2156K [0x00000000a0000000, 0x00000000a5180000, 0x00000000e0000000)
  object space 83456K, 2% used [0x00000000a0000000,0x00000000a021b280,0x00000000a5180000)
 Metaspace       used 16172K, capacity 16630K, committed 16896K, reserved 1062912K
  class space    used 2297K, capacity 2459K, committed 2560K, reserved 1048576K
Event: 3.200 GC heap after
Heap after GC invocations=4 (full 0):
 PSYoungGen      total 36352K, used 5096K [0x00000000e0000000, 0x00000000e2880000, 0x0000000100000000)
  eden space 31232K, 0% used [0x00000000e0000000,0x00000000e0000000,0x00000000e1e80000)
  from space 5120K, 99% used [0x00000000e2380000,0x00000000e287a020,0x00000000e2880000)
  to   space 5120K, 0% used [0x00000000e1e80000,0x00000000e1e80000,0x00000000e2380000)
 ParOldGen       total 83456K, used 5424K [0x00000000a0000000, 0x00000000a5180000, 0x00000000e0000000)
  object space 83456K, 6% used [0x00000000a0000000,0x00000000a054c358,0x00000000a5180000)
 Metaspace       used 16172K, capacity 16630K, committed 16896K, reserved 1062912K
  class space    used 2297K, capacity 2459K, committed 2560K, reserved 1048576K
}
Event: 3.635 GC heap before
{Heap before GC invocations=5 (full 0):
 PSYoungGen      total 36352K, used 36328K [0x00000000e0000000, 0x00000000e2880000, 0x0000000100000000)
  eden space 31232K, 100% used [0x00000000e0000000,0x00000000e1e80000,0x00000000e1e80000)
  from space 5120K, 99% used [0x00000000e2380000,0x00000000e287a020,0x00000000e2880000)
  to   space 5120K, 0% used [0x00000000e1e80000,0x00000000e1e80000,0x00000000e2380000)
 ParOldGen       total 83456K, used 5424K [0x00000000a0000000, 0x00000000a5180000, 0x00000000e0000000)
  object space 83456K, 6% used [0x00000000a0000000,0x00000000a054c358,0x00000000a5180000)
 Metaspace       used 19119K, capacity 19618K, committed 19840K, reserved 1067008K
  class space    used 2749K, capacity 2929K, committed 2944K, reserved 1048576K
Event: 3.641 GC heap after
Heap after GC invocations=5 (full 0):
 PSYoungGen      total 36352K, used 5112K [0x00000000e0000000, 0x00000000e5200000, 0x0000000100000000)
  eden space 31232K, 0% used [0x00000000e0000000,0x00000000e0000000,0x00000000e1e80000)
  from space 5120K, 99% used [0x00000000e1e80000,0x00000000e237e040,0x00000000e2380000)
  to   space 10752K, 0% used [0x00000000e4780000,0x00000000e4780000,0x00000000e5200000)
 ParOldGen       total 83456K, used 8884K [0x00000000a0000000, 0x00000000a5180000, 0x00000000e0000000)
  object space 83456K, 10% used [0x00000000a0000000,0x00000000a08ad100,0x00000000a5180000)
 Metaspace       used 19119K, capacity 19618K, committed 19840K, reserved 1067008K
  class space    used 2749K, capacity 2929K, committed 2944K, reserved 1048576K
}
Event: 3.769 GC heap before
{Heap before GC invocations=6 (full 0):
 PSYoungGen      total 36352K, used 14611K [0x00000000e0000000, 0x00000000e5200000, 0x0000000100000000)
  eden space 31232K, 30% used [0x00000000e0000000,0x00000000e0946e20,0x00000000e1e80000)
  from space 5120K, 99% used [0x00000000e1e80000,0x00000000e237e040,0x00000000e2380000)
  to   space 10752K, 0% used [0x00000000e4780000,0x00000000e4780000,0x00000000e5200000)
 ParOldGen       total 83456K, used 8884K [0x00000000a0000000, 0x00000000a5180000, 0x00000000e0000000)
  object space 83456K, 10% used [0x00000000a0000000,0x00000000a08ad100,0x00000000a5180000)
 Metaspace       used 20750K, capacity 21218K, committed 21248K, reserved 1067008K
  class space    used 2890K, capacity 3057K, committed 3072K, reserved 1048576K
Event: 3.774 GC heap after
Heap after GC invocations=6 (full 0):
 PSYoungGen      total 71168K, used 6681K [0x00000000e0000000, 0x00000000e5000000, 0x0000000100000000)
  eden space 62464K, 0% used [0x00000000e0000000,0x00000000e0000000,0x00000000e3d00000)
  from space 8704K, 76% used [0x00000000e4780000,0x00000000e4e067a0,0x00000000e5000000)
  to   space 9728K, 0% used [0x00000000e3d00000,0x00000000e3d00000,0x00000000e4680000)
 ParOldGen       total 83456K, used 8892K [0x00000000a0000000, 0x00000000a5180000, 0x00000000e0000000)
  object space 83456K, 10% used [0x00000000a0000000,0x00000000a08af100,0x00000000a5180000)
 Metaspace       used 20750K, capacity 21218K, committed 21248K, reserved 1067008K
  class space    used 2890K, capacity 3057K, committed 3072K, reserved 1048576K
}
Event: 3.774 GC heap before
{Heap before GC invocations=7 (full 1):
 PSYoungGen      total 71168K, used 6681K [0x00000000e0000000, 0x00000000e5000000, 0x0000000100000000)
  eden space 62464K, 0% used [0x00000000e0000000,0x00000000e0000000,0x00000000e3d00000)
  from space 8704K, 76% used [0x00000000e4780000,0x00000000e4e067a0,0x00000000e5000000)
  to   space 9728K, 0% used [0x00000000e3d00000,0x00000000e3d00000,0x00000000e4680000)
 ParOldGen       total 83456K, used 8892K [0x00000000a0000000, 0x00000000a5180000, 0x00000000e0000000)
  object space 83456K, 10% used [0x00000000a0000000,0x00000000a08af100,0x00000000a5180000)
 Metaspace       used 20750K, capacity 21218K, committed 21248K, reserved 1067008K
  class space    used 2890K, capacity 3057K, committed 3072K, reserved 1048576K
Event: 3.809 GC heap after
Heap after GC invocations=7 (full 1):
 PSYoungGen      total 71168K, used 0K [0x00000000e0000000, 0x00000000e5000000, 0x0000000100000000)
  eden space 62464K, 0% used [0x00000000e0000000,0x00000000e0000000,0x00000000e3d00000)
  from space 8704K, 0% used [0x00000000e4780000,0x00000000e4780000,0x00000000e5000000)
  to   space 9728K, 0% used [0x00000000e3d00000,0x00000000e3d00000,0x00000000e4680000)
 ParOldGen       total 55296K, used 8060K [0x00000000a0000000, 0x00000000a3600000, 0x00000000e0000000)
  object space 55296K, 14% used [0x00000000a0000000,0x00000000a07df3d0,0x00000000a3600000)
 Metaspace       used 20750K, capacity 21218K, committed 21248K, reserved 1067008K
  class space    used 2890K, capacity 3057K, committed 3072K, reserved 1048576K
}
Event: 4.656 GC heap before
{Heap before GC invocations=8 (full 1):
 PSYoungGen      total 71168K, used 62464K [0x00000000e0000000, 0x00000000e5000000, 0x0000000100000000)
  eden space 62464K, 100% used [0x00000000e0000000,0x00000000e3d00000,0x00000000e3d00000)
  from space 8704K, 0% used [0x00000000e4780000,0x00000000e4780000,0x00000000e5000000)
  to   space 9728K, 0% used [0x00000000e3d00000,0x00000000e3d00000,0x00000000e4680000)
 ParOldGen       total 55296K, used 8060K [0x00000000a0000000, 0x00000000a3600000, 0x00000000e0000000)
  object space 55296K, 14% used [0x00000000a0000000,0x00000000a07df3d0,0x00000000a3600000)
 Metaspace       used 27109K, capacity 27600K, committed 27776K, reserved 1073152K
  class space    used 3692K, capacity 3876K, committed 3968K, reserved 1048576K
Event: 4.662 GC heap after
Heap after GC invocations=8 (full 1):
 PSYoungGen      total 72192K, used 6906K [0x00000000e0000000, 0x00000000e5000000, 0x0000000100000000)
  eden space 62464K, 0% used [0x00000000e0000000,0x00000000e0000000,0x00000000e3d00000)
  from space 9728K, 70% used [0x00000000e3d00000,0x00000000e43beaf0,0x00000000e4680000)
  to   space 8704K, 0% used [0x00000000e4780000,0x00000000e4780000,0x00000000e5000000)
 ParOldGen       total 55296K, used 8068K [0x00000000a0000000, 0x00000000a3600000, 0x00000000e0000000)
  object space 55296K, 14% used [0x00000000a0000000,0x00000000a07e13d0,0x00000000a3600000)
 Metaspace       used 27109K, capacity 27600K, committed 27776K, reserved 1073152K
  class space    used 3692K, capacity 3876K, committed 3968K, reserved 1048576K
}

